[debug] [2021-06-30T23:57:41.024Z] ----------------------------------------------------------------------
[debug] [2021-06-30T23:57:41.033Z] Command:       C:\Program Files\nodejs\node.exe C:\Users\Daniel\AppData\Roaming\npm\node_modules\firebase-tools\lib\bin\firebase.js init
[debug] [2021-06-30T23:57:41.034Z] CLI Version:   9.14.0
[debug] [2021-06-30T23:57:41.034Z] Platform:      win32
[debug] [2021-06-30T23:57:41.034Z] Node Version:  v12.22.1
[debug] [2021-06-30T23:57:41.088Z] Time:          Wed Jun 30 2021 20:57:41 GMT-0300 (GMT-03:00)
[debug] [2021-06-30T23:57:41.089Z] ----------------------------------------------------------------------
[debug] 
[debug] [2021-06-30T23:57:41.170Z] > command requires scopes: ["email","openid","https://www.googleapis.com/auth/cloudplatformprojects.readonly","https://www.googleapis.com/auth/firebase","https://www.googleapis.com/auth/cloud-platform"]
[debug] [2021-06-30T23:57:41.171Z] > authorizing via signed-in user (daniel21jd03@gmail.com)
[info] 
     ######## #### ########  ######## ########     ###     ######  ########
     ##        ##  ##     ## ##       ##     ##  ##   ##  ##       ##
     ######    ##  ########  ######   ########  #########  ######  ######
     ##        ##  ##    ##  ##       ##     ## ##     ##       ## ##
     ##       #### ##     ## ######## ########  ##     ##  ######  ########

You're about to initialize a Firebase project in this directory:

  D:\Documentos\GITHUB\LetMeAsk

Before we get started, keep in mind:

  * You are initializing within an existing Firebase project directory

[info] 
=== Project Setup
[info] 
[info] First, let's associate this project directory with a Firebase project.
[info] You can create multiple project aliases by running firebase use --add, 
[info] but for now we'll just set up a default project.
[info] 
[info] i  .firebaserc already has a default project, using letmeask-jd. 
[debug] [2021-07-01T00:05:59.066Z] > refreshing access token with scopes: []
[debug] [2021-07-01T00:05:59.075Z] >>> HTTP REQUEST POST https://www.googleapis.com/oauth2/v3/token  
 <request body omitted>
[debug] [2021-07-01T00:05:59.503Z] <<< HTTP RESPONSE 200 {"date":"Thu, 01 Jul 2021 00:05:46 GMT","cache-control":"no-cache, no-store, max-age=0, must-revalidate","pragma":"no-cache","expires":"Mon, 01 Jan 1990 00:00:00 GMT","content-type":"application/json; charset=utf-8","vary":"X-Origin, Referer, Origin,Accept-Encoding","server":"scaffolding on HTTPServer2","x-xss-protection":"0","x-frame-options":"SAMEORIGIN","x-content-type-options":"nosniff","alt-svc":"h3=\":443\"; ma=2592000,h3-29=\":443\"; ma=2592000,h3-T051=\":443\"; ma=2592000,h3-Q050=\":443\"; ma=2592000,h3-Q046=\":443\"; ma=2592000,h3-Q043=\":443\"; ma=2592000,quic=\":443\"; ma=2592000; v=\"46,43\"","accept-ranges":"none","transfer-encoding":"chunked"}
[debug] [2021-07-01T00:05:59.648Z] >>> [apiv2][query] GET https://firebase.googleapis.com/v1beta1/projects/letmeask-jd [none]
[debug] [2021-07-01T00:06:00.708Z] <<< [apiv2][status] GET https://firebase.googleapis.com/v1beta1/projects/letmeask-jd 200
[debug] [2021-07-01T00:06:00.709Z] <<< [apiv2][body] GET https://firebase.googleapis.com/v1beta1/projects/letmeask-jd {"projectId":"letmeask-jd","projectNumber":"989940778748","displayName":"letmeask-jd","name":"projects/letmeask-jd","resources":{"hostingSite":"letmeask-jd","realtimeDatabaseInstance":"letmeask-jd-default-rtdb"},"state":"ACTIVE"}
[info] 
=== Database Setup
[info] i  database: ensuring required API firebasedatabase.googleapis.com is enabled... 
[debug] [2021-07-01T00:06:00.715Z] > refreshing access token with scopes: ["email","https://www.googleapis.com/auth/cloud-platform","https://www.googleapis.com/auth/cloudplatformprojects.readonly","https://www.googleapis.com/auth/firebase","openid"]
[debug] [2021-07-01T00:06:00.715Z] >>> HTTP REQUEST POST https://www.googleapis.com/oauth2/v3/token  
 <request body omitted>
[debug] [2021-07-01T00:06:00.934Z] <<< HTTP RESPONSE 200 {"date":"Thu, 01 Jul 2021 00:05:47 GMT","cache-control":"no-cache, no-store, max-age=0, must-revalidate","expires":"Mon, 01 Jan 1990 00:00:00 GMT","pragma":"no-cache","content-type":"application/json; charset=utf-8","vary":"X-Origin, Referer, Origin,Accept-Encoding","server":"scaffolding on HTTPServer2","x-xss-protection":"0","x-frame-options":"SAMEORIGIN","x-content-type-options":"nosniff","alt-svc":"h3=\":443\"; ma=2592000,h3-29=\":443\"; ma=2592000,h3-T051=\":443\"; ma=2592000,h3-Q050=\":443\"; ma=2592000,h3-Q046=\":443\"; ma=2592000,h3-Q043=\":443\"; ma=2592000,quic=\":443\"; ma=2592000; v=\"46,43\"","accept-ranges":"none","transfer-encoding":"chunked"}
[debug] [2021-07-01T00:06:01.054Z] >>> HTTP REQUEST GET https://serviceusage.googleapis.com/v1/projects/letmeask-jd/services/firebasedatabase.googleapis.com  
 
[debug] [2021-07-01T00:06:02.100Z] <<< HTTP RESPONSE 200 {"content-type":"application/json; charset=UTF-8","vary":"X-Origin, Referer, Origin,Accept-Encoding","date":"Thu, 01 Jul 2021 00:05:48 GMT","server":"ESF","cache-control":"private","x-xss-protection":"0","x-frame-options":"SAMEORIGIN","x-content-type-options":"nosniff","alt-svc":"h3=\":443\"; ma=2592000,h3-29=\":443\"; ma=2592000,h3-T051=\":443\"; ma=2592000,h3-Q050=\":443\"; ma=2592000,h3-Q046=\":443\"; ma=2592000,h3-Q043=\":443\"; ma=2592000,quic=\":443\"; ma=2592000; v=\"46,43\"","accept-ranges":"none","transfer-encoding":"chunked"}
[info] +  database: required API firebasedatabase.googleapis.com is enabled 
[info] 
[debug] [2021-07-01T00:06:02.103Z] > refreshing access token with scopes: []
[debug] [2021-07-01T00:06:02.103Z] >>> HTTP REQUEST POST https://www.googleapis.com/oauth2/v3/token  
 <request body omitted>
[debug] [2021-07-01T00:06:02.308Z] <<< HTTP RESPONSE 200 {"date":"Thu, 01 Jul 2021 00:05:49 GMT","expires":"Mon, 01 Jan 1990 00:00:00 GMT","cache-control":"no-cache, no-store, max-age=0, must-revalidate","pragma":"no-cache","content-type":"application/json; charset=utf-8","vary":"X-Origin, Referer, Origin,Accept-Encoding","server":"scaffolding on HTTPServer2","x-xss-protection":"0","x-frame-options":"SAMEORIGIN","x-content-type-options":"nosniff","alt-svc":"h3=\":443\"; ma=2592000,h3-29=\":443\"; ma=2592000,h3-T051=\":443\"; ma=2592000,h3-Q050=\":443\"; ma=2592000,h3-Q046=\":443\"; ma=2592000,h3-Q043=\":443\"; ma=2592000,quic=\":443\"; ma=2592000; v=\"46,43\"","accept-ranges":"none","transfer-encoding":"chunked"}
[debug] [2021-07-01T00:06:02.542Z] >>> [apiv2][query] GET https://firebase.googleapis.com/v1beta1/projects/letmeask-jd [none]
[debug] [2021-07-01T00:06:03.650Z] <<< [apiv2][status] GET https://firebase.googleapis.com/v1beta1/projects/letmeask-jd 200
[debug] [2021-07-01T00:06:03.650Z] <<< [apiv2][body] GET https://firebase.googleapis.com/v1beta1/projects/letmeask-jd {"projectId":"letmeask-jd","projectNumber":"989940778748","displayName":"letmeask-jd","name":"projects/letmeask-jd","resources":{"hostingSite":"letmeask-jd","realtimeDatabaseInstance":"letmeask-jd-default-rtdb"},"state":"ACTIVE"}
[debug] [2021-07-01T00:06:03.653Z] > refreshing access token with scopes: ["email","https://www.googleapis.com/auth/cloud-platform","https://www.googleapis.com/auth/cloudplatformprojects.readonly","https://www.googleapis.com/auth/firebase","openid"]
[debug] [2021-07-01T00:06:03.653Z] >>> HTTP REQUEST POST https://www.googleapis.com/oauth2/v3/token  
 <request body omitted>
[debug] [2021-07-01T00:06:03.883Z] <<< HTTP RESPONSE 200 {"pragma":"no-cache","date":"Thu, 01 Jul 2021 00:05:50 GMT","expires":"Mon, 01 Jan 1990 00:00:00 GMT","cache-control":"no-cache, no-store, max-age=0, must-revalidate","content-type":"application/json; charset=utf-8","vary":"X-Origin, Referer, Origin,Accept-Encoding","server":"scaffolding on HTTPServer2","x-xss-protection":"0","x-frame-options":"SAMEORIGIN","x-content-type-options":"nosniff","alt-svc":"h3=\":443\"; ma=2592000,h3-29=\":443\"; ma=2592000,h3-T051=\":443\"; ma=2592000,h3-Q050=\":443\"; ma=2592000,h3-Q046=\":443\"; ma=2592000,h3-Q043=\":443\"; ma=2592000,quic=\":443\"; ma=2592000; v=\"46,43\"","accept-ranges":"none","transfer-encoding":"chunked"}
[debug] [2021-07-01T00:06:04.075Z] >>> HTTP REQUEST GET https://firebasedatabase.googleapis.com/v1beta/projects/letmeask-jd/locations/-/instances/letmeask-jd-default-rtdb  
 
[debug] [2021-07-01T00:06:05.283Z] <<< HTTP RESPONSE 200 {"content-type":"application/json; charset=UTF-8","vary":"X-Origin, Referer, Origin,Accept-Encoding","date":"Thu, 01 Jul 2021 00:05:52 GMT","server":"ESF","cache-control":"private","x-xss-protection":"0","x-frame-options":"SAMEORIGIN","x-content-type-options":"nosniff","alt-svc":"h3=\":443\"; ma=2592000,h3-29=\":443\"; ma=2592000,h3-T051=\":443\"; ma=2592000,h3-Q050=\":443\"; ma=2592000,h3-Q046=\":443\"; ma=2592000,h3-Q043=\":443\"; ma=2592000,quic=\":443\"; ma=2592000; v=\"46,43\"","accept-ranges":"none","transfer-encoding":"chunked"}
[info] 
[info] Firebase Realtime Database Security Rules allow you to define how your data should be
[info] structured and when your data can be read from and written to.
[info] 
[debug] [2021-07-01T00:06:15.175Z] >>> HTTP REQUEST GET https://letmeask-jd-default-rtdb.firebaseio.com/.settings/rules.json  
 
[debug] [2021-07-01T00:06:15.767Z] <<< HTTP RESPONSE 200 {"server":"nginx","date":"Thu, 01 Jul 2021 00:06:02 GMT","content-type":"application/json; charset=utf-8","content-length":"570","connection":"keep-alive","access-control-allow-origin":"*","cache-control":"no-cache","strict-transport-security":"max-age=31556926; includeSubDomains; preload"}
[info] +  Database Rules for letmeask-jd-default-rtdb have been written to database.rules.json. 
[info] Future modifications to database.rules.json will update Realtime Database Security Rules when you run
[info] firebase deploy.
[info] 
=== Hosting Setup
[info] 
[info] Your public directory is the folder (relative to your project directory) that
[info] will contain Hosting assets to be uploaded with firebase deploy. If you
[info] have a build process for your assets, use your build's output directory.
[info] 
[debug] [2021-07-01T00:08:02.735Z] >>> [apiv2][query] GET https://www.gstatic.com/firebasejs/releases.json [none]
[debug] [2021-07-01T00:08:02.814Z] <<< [apiv2][status] GET https://www.gstatic.com/firebasejs/releases.json 200
[debug] [2021-07-01T00:08:02.814Z] <<< [apiv2][body] GET https://www.gstatic.com/firebasejs/releases.json {"current":{"version":"8.6.8","browserURL":"https://www.gstatic.com/firebasejs/8.6.8/firebase.js","packageURL":"https://www.gstatic.com/firebasejs/8.6.8/firebase.tgz"},"live":{"version":"8.6","browserURL":"https://www.gstatic.com/firebasejs/live/8.6/firebase.js","packageURL":"https://www.gstatic.com/firebasejs/live/8.6/firebase.tgz"},"components":{"analytics":"https://www.gstatic.com/firebasejs/8.6.8/firebase-analytics.js","app":"https://www.gstatic.com/firebasejs/8.6.8/firebase-app.js","app-check":"https://www.gstatic.com/firebasejs/8.6.8/firebase-app-check.js","auth":"https://www.gstatic.com/firebasejs/8.6.8/firebase-auth.js","database":"https://www.gstatic.com/firebasejs/8.6.8/firebase-database.js","firestore":"https://www.gstatic.com/firebasejs/8.6.8/firebase-firestore.js","functions":"https://www.gstatic.com/firebasejs/8.6.8/firebase-functions.js","installations":"https://www.gstatic.com/firebasejs/8.6.8/firebase-installations.js","messaging":"https://www.gstatic.com/firebasejs/8.6.8/firebase-messaging.js","storage":"https://www.gstatic.com/firebasejs/8.6.8/firebase-storage.js","performance":"https://www.gstatic.com/firebasejs/8.6.8/firebase-performance.js","remote-config":"https://www.gstatic.com/firebasejs/8.6.8/firebase-remote-config.js","firestore.memory":"https://www.gstatic.com/firebasejs/8.6.8/firebase-firestore.memory.js"}}
[info] +  Wrote build/index.html 
[info] 
[info] i  Detected a .git folder at D:\Documentos\GITHUB\LetMeAsk 
[info] i  Authorizing with GitHub to upload your service account to a GitHub repository's secrets store. 
[info] 
[info] Visit this URL on this device to log in:
[info] https://github.com/login/oauth/authorize?client_id=89cf50f02ac6aaed3484&state=37216734&redirect_uri=http%3A%2F%2Flocalhost%3A9005&scope=read%3Auser%20repo%20public_repo
[info] 
[info] Waiting for authentication...
[debug] [2021-07-01T00:08:30.252Z] >>> HTTP REQUEST POST https://github.com/login/oauth/access_token  
 {"client_id":"89cf50f02ac6aaed3484","client_secret":"3330d14abc895d9a74d5f17cd7a00711fa2c5bf0","code":"8f0e99880b758cff5c6a","redirect_uri":"http://localhost:9005","state":"37216734"}
[debug] [2021-07-01T00:08:30.828Z] <<< HTTP RESPONSE 200 {"server":"GitHub.com","date":"Thu, 01 Jul 2021 00:08:17 GMT","content-type":"application/json; charset=utf-8","transfer-encoding":"chunked","vary":"X-PJAX, Accept-Encoding, Accept, X-Requested-With","permissions-policy":"interest-cohort=()","etag":"W/\"927ecb0097e95798bbc9e1a94cad4d58\"","cache-control":"max-age=0, private, must-revalidate","strict-transport-security":"max-age=31536000; includeSubdomains; preload","x-frame-options":"deny","x-content-type-options":"nosniff","x-xss-protection":"0","referrer-policy":"origin-when-cross-origin, strict-origin-when-cross-origin","expect-ct":"max-age=2592000, report-uri=\"https://api.github.com/_private/browser/errors\"","content-security-policy":"default-src 'none'; base-uri 'self'; block-all-mixed-content; connect-src 'self' uploads.github.com www.githubstatus.com collector.githubapp.com api.github.com github-cloud.s3.amazonaws.com github-production-repository-file-5c1aeb.s3.amazonaws.com github-production-upload-manifest-file-7fdce7.s3.amazonaws.com github-production-user-asset-6210df.s3.amazonaws.com cdn.optimizely.com logx.optimizely.com/v1/events translator.github.com wss://alive.github.com; font-src github.githubassets.com; form-action 'self' github.com gist.github.com; frame-ancestors 'none'; frame-src render.githubusercontent.com render-temp.githubusercontent.com viewscreen.githubusercontent.com; img-src 'self' data: github.githubassets.com identicons.github.com collector.githubapp.com github-cloud.s3.amazonaws.com secured-user-images.githubusercontent.com/ *.githubusercontent.com; manifest-src 'self'; media-src 'none'; script-src github.githubassets.com; style-src 'unsafe-inline' github.githubassets.com; worker-src github.com/socket-worker-3f088aa2.js gist.github.com/socket-worker-3f088aa2.js","x-github-request-id":"7243:49FE:F99456:15464E0:60DD0771"}
[debug] [2021-07-01T00:08:30.865Z] >>> [apiv2][query] GET https://api.github.com/user [none]
[debug] [2021-07-01T00:08:31.462Z] <<< [apiv2][status] GET https://api.github.com/user 200
[debug] [2021-07-01T00:08:31.462Z] <<< [apiv2][body] GET https://api.github.com/user {"login":"JDaniel-JD","id":72052752,"node_id":"MDQ6VXNlcjcyMDUyNzUy","avatar_url":"https://avatars.githubusercontent.com/u/72052752?v=4","gravatar_id":"","url":"https://api.github.com/users/JDaniel-JD","html_url":"https://github.com/JDaniel-JD","followers_url":"https://api.github.com/users/JDaniel-JD/followers","following_url":"https://api.github.com/users/JDaniel-JD/following{/other_user}","gists_url":"https://api.github.com/users/JDaniel-JD/gists{/gist_id}","starred_url":"https://api.github.com/users/JDaniel-JD/starred{/owner}{/repo}","subscriptions_url":"https://api.github.com/users/JDaniel-JD/subscriptions","organizations_url":"https://api.github.com/users/JDaniel-JD/orgs","repos_url":"https://api.github.com/users/JDaniel-JD/repos","events_url":"https://api.github.com/users/JDaniel-JD/events{/privacy}","received_events_url":"https://api.github.com/users/JDaniel-JD/received_events","type":"User","site_admin":false,"name":"José Daniel","company":null,"blog":"","location":null,"email":null,"hireable":null,"bio":"JDaniel-JD/ README.md\r\n","twitter_username":null,"public_repos":7,"public_gists":0,"followers":7,"following":24,"created_at":"2020-09-29T00:06:55Z","updated_at":"2021-07-01T00:08:16Z","private_gists":0,"total_private_repos":0,"owned_private_repos":0,"disk_usage":2379,"collaborators":0,"two_factor_authentication":false,"plan":{"name":"free","space":976562499,"collaborators":0,"private_repos":10000}}
[info] 
[info] +  Success! Logged into GitHub as JDaniel-JD 
[info] 
